<?xml version="1.0" encoding="UTF-8"?>
<!-- Generated by org.testng.reporters.JUnitReportReporter -->
<testsuite hostname="IN-PG0351P1" failures="0" tests="2" name="in.redbus.testClasses.HelpsPageTest" time="24.710" errors="0" timestamp="2025-04-08T12:31:21 IST" skipped="0">
  <testcase classname="in.redbus.testClasses.HelpsPageTest" name="validatehelpPageTitle" time="11.871"/>
  <testcase classname="in.redbus.testClasses.HelpsPageTest" name="validateHelpsBoxTitleAndsubtitle" time="12.839"/>
</testsuite> <!-- in.redbus.testClasses.HelpsPageTest -->
